2014-02-24 23:03:53.033 uberZeit Timer[4726:80b] Multi-tasking -> Device: YES, App: YES
2014-02-24 23:03:53.077 uberZeit Timer[4726:80b] Unlimited access to network resources
2014-02-24 23:03:53.894 uberZeit Timer[4726:80b] Resetting plugins due to page load.
2014-02-24 23:03:54.219 uberZeit Timer[4726:80b] Finished load of: file:///Users/raf/Library/Application%20Support/iPhone%20Simulator/7.0.3/Applications/7D921A6D-415D-431B-8A33-249A40108451/uberZeit%20Timer.app/www/index.html
2014-02-24 23:05:28.898 uberZeit Timer[5524:80b] Multi-tasking -> Device: YES, App: YES
2014-02-24 23:05:28.910 uberZeit Timer[5524:80b] Unlimited access to network resources
2014-02-24 23:05:29.166 uberZeit Timer[5524:80b] Resetting plugins due to page load.
2014-02-24 23:05:29.589 uberZeit Timer[5524:80b] Finished load of: file:///Users/raf/Library/Application%20Support/iPhone%20Simulator/7.0.3/Applications/7D921A6D-415D-431B-8A33-249A40108451/uberZeit%20Timer.app/www/index.html
2014-02-25 07:05:17.133 uberZeit Timer[7532:80b] Multi-tasking -> Device: YES, App: YES
2014-02-25 07:05:17.152 uberZeit Timer[7532:80b] Unlimited access to network resources
2014-02-25 07:05:17.569 uberZeit Timer[7532:80b] Resetting plugins due to page load.
2014-02-25 07:05:17.979 uberZeit Timer[7532:80b] Finished load of: file:///Users/raf/Library/Application%20Support/iPhone%20Simulator/7.0.3/Applications/7D921A6D-415D-431B-8A33-249A40108451/uberZeit%20Timer.app/www/index.html
Terminating in response to SpringBoard's termination.
2014-02-25 07:41:48.643 uberZeit Timer[8540:80b] Multi-tasking -> Device: YES, App: YES
2014-02-25 07:41:48.699 uberZeit Timer[8540:80b] Unlimited access to network resources
2014-02-25 07:41:49.281 uberZeit Timer[8540:80b] Resetting plugins due to page load.
2014-02-25 07:41:49.726 uberZeit Timer[8540:80b] Finished load of: file:///Users/raf/Library/Application%20Support/iPhone%20Simulator/7.0.3/Applications/7D921A6D-415D-431B-8A33-249A40108451/uberZeit%20Timer.app/www/index.html
2014-02-25 07:41:49.837 uberZeit Timer[8540:80b] {"time_type_id":1,"date":"2014-02-25","start":"07:33","end":null,"duration":"00:09"}
2014-02-25 11:28:24.935 uberZeit Timer[9560:80b] Multi-tasking -> Device: YES, App: YES
2014-02-25 11:28:24.952 uberZeit Timer[9560:80b] Unlimited access to network resources
2014-02-25 11:28:25.308 uberZeit Timer[9560:80b] Resetting plugins due to page load.
2014-02-25 11:28:25.725 uberZeit Timer[9560:80b] Finished load of: file:///Users/raf/Library/Application%20Support/iPhone%20Simulator/7.0.3/Applications/7D921A6D-415D-431B-8A33-249A40108451/uberZeit%20Timer.app/www/index.html
2014-02-25 11:28:25.747 uberZeit Timer[9560:80b] {"time_type_id":1,"date":"2014-02-25","start":"07:33","end":null,"duration":"03:55"}
2014-02-26 06:52:28.511 uberZeit Timer[2274:80b] Multi-tasking -> Device: YES, App: YES
2014-02-26 06:52:28.541 uberZeit Timer[2274:80b] Unlimited access to network resources
2014-02-26 06:52:29.072 uberZeit Timer[2274:80b] Resetting plugins due to page load.
2014-02-26 06:52:29.446 uberZeit Timer[2274:80b] Finished load of: file:///Users/raf/Library/Application%20Support/iPhone%20Simulator/7.0.3/Applications/7D921A6D-415D-431B-8A33-249A40108451/uberZeit%20Timer.app/www/index.html#/login
2014-02-26 06:52:37.648 uberZeit Timer[2274:80b] {}
2014-02-28 00:06:36.805 uberZeit Timer[15138:80b] Multi-tasking -> Device: YES, App: YES
2014-02-28 00:06:36.832 uberZeit Timer[15138:80b] Unlimited access to network resources
2014-02-28 00:06:37.350 uberZeit Timer[15138:80b] Resetting plugins due to page load.
2014-02-28 00:06:37.736 uberZeit Timer[15138:80b] Finished load of: file:///Users/raf/Library/Application%20Support/iPhone%20Simulator/7.0.3/Applications/7D921A6D-415D-431B-8A33-249A40108451/uberZeit%20Timer.app/www/index.html#/home
2014-02-28 00:06:37.863 uberZeit Timer[15138:80b] {"running":false,"duration":null}
2014-02-28 00:06:59.488 uberZeit Timer[15138:80b] start
2014-02-28 01:01:44.189 uberZeit Timer[18470:80b] Multi-tasking -> Device: YES, App: YES
2014-02-28 01:01:44.200 uberZeit Timer[18470:80b] Unlimited access to network resources
2014-02-28 01:01:44.450 uberZeit Timer[18470:80b] Resetting plugins due to page load.
2014-02-28 01:01:45.148 uberZeit Timer[18470:80b] Finished load of: file:///Users/raf/Library/Application%20Support/iPhone%20Simulator/7.0.3/Applications/7D921A6D-415D-431B-8A33-249A40108451/uberZeit%20Timer.app/www/index.html#/timer
2014-02-28 01:01:45.254 uberZeit Timer[18470:80b] {"running":false,"duration":null}
2014-02-28 01:03:07.731 uberZeit Timer[18470:80b] {"running":false,"duration":null}
2014-02-28 01:03:11.403 uberZeit Timer[18470:80b] start
2014-02-28 01:03:29.907 uberZeit Timer[18470:80b] start
2014-02-28 01:03:37.555 uberZeit Timer[18470:80b] {"running":false,"duration":null}
2014-02-28 01:03:55.769 uberZeit Timer[18470:80b] start
2014-02-28 01:06:55.523 uberZeit Timer[19354:80b] Multi-tasking -> Device: YES, App: YES
2014-02-28 01:06:55.534 uberZeit Timer[19354:80b] Unlimited access to network resources
2014-02-28 01:06:55.795 uberZeit Timer[19354:80b] Resetting plugins due to page load.
2014-02-28 01:06:56.186 uberZeit Timer[19354:80b] Finished load of: file:///Users/raf/Library/Application%20Support/iPhone%20Simulator/7.0.3/Applications/7D921A6D-415D-431B-8A33-249A40108451/uberZeit%20Timer.app/www/index.html#/timer
2014-02-28 01:06:56.319 uberZeit Timer[19354:80b] {"running":true,"duration":"01:45"}
2014-02-28 01:07:04.372 uberZeit Timer[19354:80b] stop
2014-02-28 01:07:21.589 uberZeit Timer[19354:80b] {"running":false,"duration":null}
2014-02-28 01:07:23.419 uberZeit Timer[19354:80b] start
